Using pre-set license
Built from '2021.3/staging' branch; Version is '2021.3.18f1 (3129e69bc0c7) revision 3221990'; Using compiler version '192829333'; Build Type 'Release'
OS: 'Windows 10  (10.0.19045) 64bit Professional' Language: 'ru' Physical Memory: 16254 MB
BatchMode: 1, IsHumanControllingUs: 0, StartBugReporterOnCrash: 0, Is64bit: 1, IsPro: 1

COMMAND LINE ARGUMENTS:
C:\Program Files\Unity\Hub\Editor\2021.3.18f1\Editor\Unity.exe
-adb2
-batchMode
-noUpm
-name
AssetImportWorker0
-projectPath
C:/Users/Mikhail/Desktop/Unity/Ban-Ban/Ban Ban
-logFile
Logs/AssetImportWorker0.log
-srvPort
50060
Successfully changed project path to: C:/Users/Mikhail/Desktop/Unity/Ban-Ban/Ban Ban
C:/Users/Mikhail/Desktop/Unity/Ban-Ban/Ban Ban
[UnityMemory] Configuration Parameters - Can be set up in boot.config
    "memorysetup-bucket-allocator-granularity=16"
    "memorysetup-bucket-allocator-bucket-count=8"
    "memorysetup-bucket-allocator-block-size=33554432"
    "memorysetup-bucket-allocator-block-count=8"
    "memorysetup-main-allocator-block-size=16777216"
    "memorysetup-thread-allocator-block-size=16777216"
    "memorysetup-gfx-main-allocator-block-size=16777216"
    "memorysetup-gfx-thread-allocator-block-size=16777216"
    "memorysetup-cache-allocator-block-size=4194304"
    "memorysetup-typetree-allocator-block-size=2097152"
    "memorysetup-profiler-bucket-allocator-granularity=16"
    "memorysetup-profiler-bucket-allocator-bucket-count=8"
    "memorysetup-profiler-bucket-allocator-block-size=33554432"
    "memorysetup-profiler-bucket-allocator-block-count=8"
    "memorysetup-profiler-allocator-block-size=16777216"
    "memorysetup-profiler-editor-allocator-block-size=1048576"
    "memorysetup-temp-allocator-size-main=16777216"
    "memorysetup-job-temp-allocator-block-size=2097152"
    "memorysetup-job-temp-allocator-block-size-background=1048576"
    "memorysetup-job-temp-allocator-reduction-small-platforms=262144"
    "memorysetup-temp-allocator-size-background-worker=32768"
    "memorysetup-temp-allocator-size-job-worker=262144"
    "memorysetup-temp-allocator-size-preload-manager=33554432"
    "memorysetup-temp-allocator-size-nav-mesh-worker=65536"
    "memorysetup-temp-allocator-size-audio-worker=65536"
    "memorysetup-temp-allocator-size-cloud-worker=32768"
    "memorysetup-temp-allocator-size-gi-baking-worker=262144"
    "memorysetup-temp-allocator-size-gfx=262144"
Player connection [11952] Host "[IP] 192.168.1.7 [Port] 0 [Flags] 2 [Guid] 385386702 [EditorId] 385386702 [Version] 1048832 [Id] WindowsEditor(7,DESKTOP-QCT10TA) [Debug] 1 [PackageName] WindowsEditor [ProjectName] Editor" joined multi-casting on [225.0.0.222:54997]...

Player connection [11952] Host "[IP] 192.168.1.7 [Port] 0 [Flags] 2 [Guid] 385386702 [EditorId] 385386702 [Version] 1048832 [Id] WindowsEditor(7,DESKTOP-QCT10TA) [Debug] 1 [PackageName] WindowsEditor [ProjectName] Editor" joined alternative multi-casting on [225.0.0.222:34997]...

Refreshing native plugins compatible for Editor in 216.78 ms, found 3 plugins.
Preloading 0 native plugins for Editor in 0.00 ms.
Initialize engine version: 2021.3.18f1 (3129e69bc0c7)
[Subsystems] Discovering subsystems at path C:/Program Files/Unity/Hub/Editor/2021.3.18f1/Editor/Data/Resources/UnitySubsystems
[Subsystems] Discovering subsystems at path C:/Users/Mikhail/Desktop/Unity/Ban-Ban/Ban Ban/Assets
GfxDevice: creating device client; threaded=0; jobified=0
Direct3D:
    Version:  Direct3D 11.0 [level 11.1]
    Renderer: NVIDIA GeForce GTX 1650 (ID=0x1f82)
    Vendor:   NVIDIA
    VRAM:     3962 MB
    Driver:   31.0.15.1694
Initialize mono
Mono path[0] = 'C:/Program Files/Unity/Hub/Editor/2021.3.18f1/Editor/Data/Managed'
Mono path[1] = 'C:/Program Files/Unity/Hub/Editor/2021.3.18f1/Editor/Data/MonoBleedingEdge/lib/mono/unityjit-win32'
Mono config path = 'C:/Program Files/Unity/Hub/Editor/2021.3.18f1/Editor/Data/MonoBleedingEdge/etc'
Using monoOptions --debugger-agent=transport=dt_socket,embedding=1,server=y,suspend=n,address=127.0.0.1:56080
Begin MonoManager ReloadAssembly
Registering precompiled unity dll's ...
Register platform support module: C:/Program Files/Unity/Hub/Editor/2021.3.18f1/Editor/Data/PlaybackEngines/WebGLSupport/UnityEditor.WebGL.Extensions.dll
Register platform support module: C:/Program Files/Unity/Hub/Editor/2021.3.18f1/Editor/Data/PlaybackEngines/AndroidPlayer/UnityEditor.Android.Extensions.dll
Register platform support module: C:/Program Files/Unity/Hub/Editor/2021.3.18f1/Editor/Data/PlaybackEngines/WindowsStandaloneSupport/UnityEditor.WindowsStandalone.Extensions.dll
Registered in 0.008051 seconds.
Native extension for WindowsStandalone target not found
Native extension for Android target not found
Android Extension - Scanning For ADB Devices 181 ms
Native extension for WebGL target not found
Refreshing native plugins compatible for Editor in 214.50 ms, found 3 plugins.
Preloading 0 native plugins for Editor in 0.00 ms.
Mono: successfully reloaded assembly
- Completed reload, in  0.931 seconds
Domain Reload Profiling:
	ReloadAssembly (931ms)
		BeginReloadAssembly (70ms)
			ExecutionOrderSort (0ms)
			DisableScriptedObjects (0ms)
			BackupInstance (0ms)
			ReleaseScriptingObjects (0ms)
			CreateAndSetChildDomain (1ms)
		EndReloadAssembly (754ms)
			LoadAssemblies (68ms)
			RebuildTransferFunctionScriptingTraits (0ms)
			SetupTypeCache (102ms)
			ReleaseScriptCaches (0ms)
			RebuildScriptCaches (25ms)
			SetupLoadedEditorAssemblies (576ms)
				LogAssemblyErrors (0ms)
				InitializePlatformSupportModulesInManaged (242ms)
				SetLoadedEditorAssemblies (0ms)
				RefreshPlugins (215ms)
				BeforeProcessingInitializeOnLoad (1ms)
				ProcessInitializeOnLoadAttributes (81ms)
				ProcessInitializeOnLoadMethodAttributes (38ms)
				AfterProcessingInitializeOnLoad (0ms)
				EditorAssembliesLoaded (0ms)
			ExecutionOrderSort2 (0ms)
			AwakeInstancesAfterBackupRestoration (0ms)
Platform modules already initialized, skipping
Registering precompiled user dll's ...
Registered in 0.007959 seconds.
Begin MonoManager ReloadAssembly
Symbol file LoadedFromMemory doesn't match image C:\Users\Mikhail\Desktop\Unity\Ban-Ban\Ban Ban\Library\PackageCache\com.unity.visualscripting@1.8.0\Editor\VisualScripting.Core\Dependencies\YamlDotNet\Unity.VisualScripting.YamlDotNet.dll
Symbol file LoadedFromMemory doesn't match image C:\Users\Mikhail\Desktop\Unity\Ban-Ban\Ban Ban\Library\PackageCache\com.unity.visualscripting@1.8.0\Editor\VisualScripting.Core\Dependencies\DotNetZip\Unity.VisualScripting.IonicZip.dll
Native extension for WindowsStandalone target not found
Native extension for Android target not found
Native extension for WebGL target not found
Refreshing native plugins compatible for Editor in 207.72 ms, found 3 plugins.
Preloading 0 native plugins for Editor in 0.00 ms.
Mono: successfully reloaded assembly
- Completed reload, in  1.439 seconds
Domain Reload Profiling:
	ReloadAssembly (1440ms)
		BeginReloadAssembly (98ms)
			ExecutionOrderSort (0ms)
			DisableScriptedObjects (5ms)
			BackupInstance (0ms)
			ReleaseScriptingObjects (0ms)
			CreateAndSetChildDomain (18ms)
		EndReloadAssembly (1230ms)
			LoadAssemblies (82ms)
			RebuildTransferFunctionScriptingTraits (0ms)
			SetupTypeCache (295ms)
			ReleaseScriptCaches (1ms)
			RebuildScriptCaches (58ms)
			SetupLoadedEditorAssemblies (745ms)
				LogAssemblyErrors (0ms)
				InitializePlatformSupportModulesInManaged (17ms)
				SetLoadedEditorAssemblies (0ms)
				RefreshPlugins (208ms)
				BeforeProcessingInitializeOnLoad (103ms)
				ProcessInitializeOnLoadAttributes (304ms)
				ProcessInitializeOnLoadMethodAttributes (106ms)
				AfterProcessingInitializeOnLoad (7ms)
				EditorAssembliesLoaded (0ms)
			ExecutionOrderSort2 (0ms)
			AwakeInstancesAfterBackupRestoration (5ms)
Platform modules already initialized, skipping
========================================================================
Worker process is ready to serve import requests
Launched and connected shader compiler UnityShaderCompiler.exe after 0.03 seconds
Refreshing native plugins compatible for Editor in 2.28 ms, found 3 plugins.
Preloading 0 native plugins for Editor in 0.00 ms.
Unloading 4830 Unused Serialized files (Serialized files now loaded: 0)
Unloading 40 unused Assets / (56.5 KB). Loaded Objects now: 5288.
Memory consumption went from 203.6 MB to 203.5 MB.
Total: 3.384700 ms (FindLiveObjects: 0.377200 ms CreateObjectMapping: 0.339700 ms MarkObjects: 2.597900 ms  DeleteObjects: 0.068800 ms)

AssetImportParameters requested are different than current active one (requested -> active):
  custom:video-decoder-ogg-theora: a1e56fd34408186e4bbccfd4996cb3dc -> 
  custom:container-muxer-webm: aa71ff27fc2769a1b78a27578f13a17b -> 
  custom:container-demuxer-webm: 4f35f7cbe854078d1ac9338744f61a02 -> 
  custom:video-encoder-webm-vp8: eb34c28f22e8b96e1ab97ce403110664 -> 
  custom:audio-encoder-webm-vorbis: bf7c407c2cedff20999df2af8eb42d56 -> 
  custom:framework-win-MediaFoundation: 216162199b28c13a410421893ffa2e32 -> 
  custom:container-demuxer-ogg: 62fdf1f143b41e24485cea50d1cbac27 -> 
  custom:video-decoder-webm-vp8: 9c59270c3fd7afecdb556c50c9e8de78 -> 
  custom:audio-decoder-ogg-vorbis: bf7c407c2cedff20999df2af8eb42d56 -> 
========================================================================
Received Import Request.
  Time since last request: 1731022.443791 seconds.
  path: Assets/WebGLTemplates/GameScore/logo.png
  artifactKey: Guid(f7d01106ef5c0d744bcbe2e220491ec7) Importer(815301076,1909f56bfc062723c751e8b465ee728b)
Start importing Assets/WebGLTemplates/GameScore/logo.png using Guid(f7d01106ef5c0d744bcbe2e220491ec7) Importer(815301076,1909f56bfc062723c751e8b465ee728b)  -> (artifact id: '10ccfeb237b14bd6d91c01b0277c094b') in 0.028776 seconds 
========================================================================
Received Import Request.
  Time since last request: 0.000021 seconds.
  path: Assets/WebGLTemplates/GameScore/thumbnail.png
  artifactKey: Guid(af92382227717464793243bab7e866b6) Importer(815301076,1909f56bfc062723c751e8b465ee728b)
Start importing Assets/WebGLTemplates/GameScore/thumbnail.png using Guid(af92382227717464793243bab7e866b6) Importer(815301076,1909f56bfc062723c751e8b465ee728b)  -> (artifact id: '008423ab1e32cb817f05bc2ed3ed5482') in 0.007108 seconds 
========================================================================
Received Import Request.
  Time since last request: 0.000020 seconds.
  path: Assets/WebGLTemplates/GameScore/TemplateData
  artifactKey: Guid(34447909d95af7942a937e37573e6190) Importer(815301076,1909f56bfc062723c751e8b465ee728b)
Start importing Assets/WebGLTemplates/GameScore/TemplateData using Guid(34447909d95af7942a937e37573e6190) Importer(815301076,1909f56bfc062723c751e8b465ee728b)  -> (artifact id: 'f05c8c2186899b322e571cc9c000411c') in 0.006206 seconds 
========================================================================
Received Import Request.
  Time since last request: 0.000015 seconds.
  path: Assets/WebGLTemplates/GameScore/index.html
  artifactKey: Guid(3fc0c6bd3fcfab24dbb28d24f9c7071e) Importer(815301076,1909f56bfc062723c751e8b465ee728b)
Start importing Assets/WebGLTemplates/GameScore/index.html using Guid(3fc0c6bd3fcfab24dbb28d24f9c7071e) Importer(815301076,1909f56bfc062723c751e8b465ee728b)  -> (artifact id: '0c52c85432a9ed15eedfe7bf453980be') in 0.010144 seconds 
========================================================================
Received Import Request.
  Time since last request: 27.728355 seconds.
  path: Assets/WebGLTemplates/GameScore/TemplateData/style.css
  artifactKey: Guid(dcb9c79a86c3a3e4c9803dbecf781fb5) Importer(815301076,1909f56bfc062723c751e8b465ee728b)
Start importing Assets/WebGLTemplates/GameScore/TemplateData/style.css using Guid(dcb9c79a86c3a3e4c9803dbecf781fb5) Importer(815301076,1909f56bfc062723c751e8b465ee728b)  -> (artifact id: 'cf172f71c38487cea422fd61a4ba050a') in 0.014658 seconds 
========================================================================
Received Import Request.
  Time since last request: 0.506793 seconds.
  path: Assets/WebGLTemplates/GameScore/TemplateData/gamescore-unity.js.map
  artifactKey: Guid(caffb748ee1439845b22a26a902bb596) Importer(815301076,1909f56bfc062723c751e8b465ee728b)
Start importing Assets/WebGLTemplates/GameScore/TemplateData/gamescore-unity.js.map using Guid(caffb748ee1439845b22a26a902bb596) Importer(815301076,1909f56bfc062723c751e8b465ee728b)  -> (artifact id: '9cc343cb6961348540ce9fad99f78a50') in 0.013498 seconds 
========================================================================
Received Import Request.
  Time since last request: 0.633990 seconds.
  path: Assets/WebGLTemplates/GameScore/TemplateData/gamescore-unity.js
  artifactKey: Guid(8c6080637758bbb4ea295fd677063795) Importer(815301076,1909f56bfc062723c751e8b465ee728b)
Start importing Assets/WebGLTemplates/GameScore/TemplateData/gamescore-unity.js using Guid(8c6080637758bbb4ea295fd677063795) Importer(815301076,1909f56bfc062723c751e8b465ee728b)  -> (artifact id: '8a2cebb8e6cdec623dd862185170379d') in 0.012169 seconds 
========================================================================
Received Import Request.
  Time since last request: 39.844050 seconds.
  path: Assets/WebGLTemplates/GameScore/thumbnail 1.png
  artifactKey: Guid(d51632b336e56cb418acb119bddb846c) Importer(815301076,1909f56bfc062723c751e8b465ee728b)
Start importing Assets/WebGLTemplates/GameScore/thumbnail 1.png using Guid(d51632b336e56cb418acb119bddb846c) Importer(815301076,1909f56bfc062723c751e8b465ee728b)  -> (artifact id: 'b7dc74ae287b8a5351744064bb40eb8d') in 0.006572 seconds 
========================================================================
Received Import Request.
  Time since last request: 2.972142 seconds.
  path: Assets/WebGLTemplates/GameScore/logo 1.png
  artifactKey: Guid(e96477a5d2ef7354088e9ab32f8da970) Importer(815301076,1909f56bfc062723c751e8b465ee728b)
Start importing Assets/WebGLTemplates/GameScore/logo 1.png using Guid(e96477a5d2ef7354088e9ab32f8da970) Importer(815301076,1909f56bfc062723c751e8b465ee728b)  -> (artifact id: '51691eb16fab0905e5edd8c33f43b4a5') in 0.006396 seconds 
========================================================================
Received Import Request.
  Time since last request: 2.945992 seconds.
  path: Assets/WebGLTemplates/GameScore/logo.png
  artifactKey: Guid(e96477a5d2ef7354088e9ab32f8da970) Importer(815301076,1909f56bfc062723c751e8b465ee728b)
Start importing Assets/WebGLTemplates/GameScore/logo.png using Guid(e96477a5d2ef7354088e9ab32f8da970) Importer(815301076,1909f56bfc062723c751e8b465ee728b)  -> (artifact id: '9c23d2bb44a4e8697103bf3db6e04c30') in 0.002052 seconds 
========================================================================
Received Import Request.
  Time since last request: 3.669908 seconds.
  path: Assets/WebGLTemplates/GameScore/thumbnail.png
  artifactKey: Guid(d51632b336e56cb418acb119bddb846c) Importer(815301076,1909f56bfc062723c751e8b465ee728b)
Start importing Assets/WebGLTemplates/GameScore/thumbnail.png using Guid(d51632b336e56cb418acb119bddb846c) Importer(815301076,1909f56bfc062723c751e8b465ee728b)  -> (artifact id: '02b7fd99a599aec18300ae66fa8c5893') in 0.002048 seconds 
========================================================================
Received Import Request.
  Time since last request: 181.532329 seconds.
  path: Assets/Characters/Bot/Prefabs/Banbaleena.prefab
  artifactKey: Guid(432c716285e2b1247a3069a84730bb5a) Importer(815301076,1909f56bfc062723c751e8b465ee728b)
Start importing Assets/Characters/Bot/Prefabs/Banbaleena.prefab using Guid(432c716285e2b1247a3069a84730bb5a) Importer(815301076,1909f56bfc062723c751e8b465ee728b)  -> (artifact id: '8e490da9111ee97ff7e3e31d72624778') in 0.103328 seconds 
========================================================================
Received Import Request.
  Time since last request: 9.683487 seconds.
  path: Assets/Characters/Bot/Prefabs/Banbaleena.prefab
  artifactKey: Guid(432c716285e2b1247a3069a84730bb5a) Importer(815301076,1909f56bfc062723c751e8b465ee728b)
Start importing Assets/Characters/Bot/Prefabs/Banbaleena.prefab using Guid(432c716285e2b1247a3069a84730bb5a) Importer(815301076,1909f56bfc062723c751e8b465ee728b)  -> (artifact id: '9a8e5890bea02708919810c16959e5ab') in 0.019926 seconds 
========================================================================
Received Import Request.
  Time since last request: 0.606838 seconds.
  path: Assets/Characters/Bot/Prefabs/Boss.prefab
  artifactKey: Guid(faed49046281fd94dbb21796ae528d9c) Importer(815301076,1909f56bfc062723c751e8b465ee728b)
Start importing Assets/Characters/Bot/Prefabs/Boss.prefab using Guid(faed49046281fd94dbb21796ae528d9c) Importer(815301076,1909f56bfc062723c751e8b465ee728b)  -> (artifact id: '79fe1753cf434956bfa08b4a7ceb2682') in 0.020244 seconds 
========================================================================
Received Import Request.
  Time since last request: 3.140149 seconds.
  path: Assets/Characters/Bot/Prefabs/Opila.prefab
  artifactKey: Guid(51cf5eb51ea2db24fae68a6f50933718) Importer(815301076,1909f56bfc062723c751e8b465ee728b)
Start importing Assets/Characters/Bot/Prefabs/Opila.prefab using Guid(51cf5eb51ea2db24fae68a6f50933718) Importer(815301076,1909f56bfc062723c751e8b465ee728b)  -> (artifact id: '0a661d2f8c88b7937c797146b169da01') in 0.019435 seconds 
========================================================================
Received Import Request.
  Time since last request: 1.203897 seconds.
  path: Assets/Characters/Bot/Prefabs/Nabnab.prefab
  artifactKey: Guid(ce70ecfef7633b043b3639e776cb0708) Importer(815301076,1909f56bfc062723c751e8b465ee728b)
Start importing Assets/Characters/Bot/Prefabs/Nabnab.prefab using Guid(ce70ecfef7633b043b3639e776cb0708) Importer(815301076,1909f56bfc062723c751e8b465ee728b)  -> (artifact id: '44d74e1458a7456f53d98d0068af2c40') in 0.018757 seconds 
========================================================================
Received Import Request.
  Time since last request: 0.773076 seconds.
  path: Assets/Characters/Bot/Prefabs/Jumbo Josh.prefab
  artifactKey: Guid(cfcd0d032c3e8ea4497a839bc3d4a231) Importer(815301076,1909f56bfc062723c751e8b465ee728b)
Start importing Assets/Characters/Bot/Prefabs/Jumbo Josh.prefab using Guid(cfcd0d032c3e8ea4497a839bc3d4a231) Importer(815301076,1909f56bfc062723c751e8b465ee728b)  -> (artifact id: 'e0331c977059120bd91dc72ad4fbca2b') in 0.021350 seconds 
========================================================================
Received Import Request.
  Time since last request: 1.332508 seconds.
  path: Assets/Characters/Bot/Prefabs/Banban.prefab
  artifactKey: Guid(f0df5e5ccb325d44b8a3b4dfedf5000c) Importer(815301076,1909f56bfc062723c751e8b465ee728b)
Start importing Assets/Characters/Bot/Prefabs/Banban.prefab using Guid(f0df5e5ccb325d44b8a3b4dfedf5000c) Importer(815301076,1909f56bfc062723c751e8b465ee728b)  -> (artifact id: 'ea08ef5137a1403b54bd17eb52091777') in 0.020620 seconds 
========================================================================
Received Prepare
Registering precompiled user dll's ...
Registered in 0.007333 seconds.
Begin MonoManager ReloadAssembly
Symbol file LoadedFromMemory doesn't match image C:\Users\Mikhail\Desktop\Unity\Ban-Ban\Ban Ban\Library\PackageCache\com.unity.visualscripting@1.8.0\Editor\VisualScripting.Core\Dependencies\YamlDotNet\Unity.VisualScripting.YamlDotNet.dll
Symbol file LoadedFromMemory doesn't match image C:\Users\Mikhail\Desktop\Unity\Ban-Ban\Ban Ban\Library\PackageCache\com.unity.visualscripting@1.8.0\Editor\VisualScripting.Core\Dependencies\DotNetZip\Unity.VisualScripting.IonicZip.dll
Native extension for WindowsStandalone target not found
Native extension for Android target not found
Native extension for WebGL target not found
Refreshing native plugins compatible for Editor in 2.16 ms, found 3 plugins.
Preloading 0 native plugins for Editor in 0.00 ms.
Mono: successfully reloaded assembly
- Completed reload, in  1.255 seconds
Domain Reload Profiling:
	ReloadAssembly (1255ms)
		BeginReloadAssembly (132ms)
			ExecutionOrderSort (0ms)
			DisableScriptedObjects (4ms)
			BackupInstance (0ms)
			ReleaseScriptingObjects (0ms)
			CreateAndSetChildDomain (41ms)
		EndReloadAssembly (1022ms)
			LoadAssemblies (87ms)
			RebuildTransferFunctionScriptingTraits (0ms)
			SetupTypeCache (302ms)
			ReleaseScriptCaches (1ms)
			RebuildScriptCaches (39ms)
			SetupLoadedEditorAssemblies (537ms)
				LogAssemblyErrors (0ms)
				InitializePlatformSupportModulesInManaged (24ms)
				SetLoadedEditorAssemblies (0ms)
				RefreshPlugins (2ms)
				BeforeProcessingInitializeOnLoad (77ms)
				ProcessInitializeOnLoadAttributes (260ms)
				ProcessInitializeOnLoadMethodAttributes (164ms)
				AfterProcessingInitializeOnLoad (8ms)
				EditorAssembliesLoaded (0ms)
			ExecutionOrderSort2 (0ms)
			AwakeInstancesAfterBackupRestoration (6ms)
Platform modules already initialized, skipping
Refreshing native plugins compatible for Editor in 5.10 ms, found 3 plugins.
Preloading 0 native plugins for Editor in 0.00 ms.
Unloading 4792 Unused Serialized files (Serialized files now loaded: 0)
Unloading 31 unused Assets / (24.7 KB). Loaded Objects now: 5299.
Memory consumption went from 221.0 MB to 221.0 MB.
Total: 3.821400 ms (FindLiveObjects: 0.412900 ms CreateObjectMapping: 0.466900 ms MarkObjects: 2.902600 ms  DeleteObjects: 0.038000 ms)

AssetImportParameters requested are different than current active one (requested -> active):
  custom:video-decoder-ogg-theora: a1e56fd34408186e4bbccfd4996cb3dc -> 
  custom:container-muxer-webm: aa71ff27fc2769a1b78a27578f13a17b -> 
  custom:container-demuxer-webm: 4f35f7cbe854078d1ac9338744f61a02 -> 
  custom:video-encoder-webm-vp8: eb34c28f22e8b96e1ab97ce403110664 -> 
  custom:audio-encoder-webm-vorbis: bf7c407c2cedff20999df2af8eb42d56 -> 
  custom:framework-win-MediaFoundation: 216162199b28c13a410421893ffa2e32 -> 
  custom:container-demuxer-ogg: 62fdf1f143b41e24485cea50d1cbac27 -> 
  custom:video-decoder-webm-vp8: 9c59270c3fd7afecdb556c50c9e8de78 -> 
  custom:audio-decoder-ogg-vorbis: bf7c407c2cedff20999df2af8eb42d56 -> 
========================================================================
Received Import Request.
  Time since last request: 264.813912 seconds.
  path: Assets/Characters/Bot/Prefabs/Captain Fiddles.prefab
  artifactKey: Guid(8cc548495abda5c4bb5551e5e0d5e07d) Importer(815301076,1909f56bfc062723c751e8b465ee728b)
Start importing Assets/Characters/Bot/Prefabs/Captain Fiddles.prefab using Guid(8cc548495abda5c4bb5551e5e0d5e07d) Importer(815301076,1909f56bfc062723c751e8b465ee728b)  -> (artifact id: '676d456bf5c335276e8f4c526f08cb62') in 0.090412 seconds 
========================================================================
Received Import Request.
  Time since last request: 39.914059 seconds.
  path: Assets/Characters/Bot/Prefabs/Captain Fiddles.prefab
  artifactKey: Guid(8cc548495abda5c4bb5551e5e0d5e07d) Importer(815301076,1909f56bfc062723c751e8b465ee728b)
Start importing Assets/Characters/Bot/Prefabs/Captain Fiddles.prefab using Guid(8cc548495abda5c4bb5551e5e0d5e07d) Importer(815301076,1909f56bfc062723c751e8b465ee728b)  -> (artifact id: '0e879d34a8736aa82ee4f181539c63bf') in 0.015673 seconds 
========================================================================
Received Import Request.
  Time since last request: 22.663140 seconds.
  path: Assets/Characters/Bot/Prefabs/Nabnab.prefab
  artifactKey: Guid(ce70ecfef7633b043b3639e776cb0708) Importer(815301076,1909f56bfc062723c751e8b465ee728b)
Start importing Assets/Characters/Bot/Prefabs/Nabnab.prefab using Guid(ce70ecfef7633b043b3639e776cb0708) Importer(815301076,1909f56bfc062723c751e8b465ee728b)  -> (artifact id: '87f7e1f7be00c7ba4f7d766dfb99f2aa') in 0.015540 seconds 
========================================================================
Received Import Request.
  Time since last request: 1.121631 seconds.
  path: Assets/Characters/Bot/Prefabs/Jumbo Josh.prefab
  artifactKey: Guid(cfcd0d032c3e8ea4497a839bc3d4a231) Importer(815301076,1909f56bfc062723c751e8b465ee728b)
Start importing Assets/Characters/Bot/Prefabs/Jumbo Josh.prefab using Guid(cfcd0d032c3e8ea4497a839bc3d4a231) Importer(815301076,1909f56bfc062723c751e8b465ee728b)  -> (artifact id: '278444a69aede6632a34c22995ece563') in 0.015643 seconds 
========================================================================
Received Import Request.
  Time since last request: 2.977320 seconds.
  path: Assets/Characters/Bot/Prefabs/Banban.prefab
  artifactKey: Guid(f0df5e5ccb325d44b8a3b4dfedf5000c) Importer(815301076,1909f56bfc062723c751e8b465ee728b)
Start importing Assets/Characters/Bot/Prefabs/Banban.prefab using Guid(f0df5e5ccb325d44b8a3b4dfedf5000c) Importer(815301076,1909f56bfc062723c751e8b465ee728b)  -> (artifact id: '2aac7b69ed7398495311cb5f5514fb2b') in 0.012465 seconds 
========================================================================
Received Prepare
Registering precompiled user dll's ...
Registered in 0.011061 seconds.
Begin MonoManager ReloadAssembly
Symbol file LoadedFromMemory doesn't match image C:\Users\Mikhail\Desktop\Unity\Ban-Ban\Ban Ban\Library\PackageCache\com.unity.visualscripting@1.8.0\Editor\VisualScripting.Core\Dependencies\YamlDotNet\Unity.VisualScripting.YamlDotNet.dll
Symbol file LoadedFromMemory doesn't match image C:\Users\Mikhail\Desktop\Unity\Ban-Ban\Ban Ban\Library\PackageCache\com.unity.visualscripting@1.8.0\Editor\VisualScripting.Core\Dependencies\DotNetZip\Unity.VisualScripting.IonicZip.dll
Native extension for WindowsStandalone target not found
Native extension for Android target not found
Native extension for WebGL target not found
Refreshing native plugins compatible for Editor in 2.44 ms, found 3 plugins.
Preloading 0 native plugins for Editor in 0.00 ms.
Mono: successfully reloaded assembly
- Completed reload, in  1.262 seconds
Domain Reload Profiling:
	ReloadAssembly (1262ms)
		BeginReloadAssembly (137ms)
			ExecutionOrderSort (0ms)
			DisableScriptedObjects (4ms)
			BackupInstance (0ms)
			ReleaseScriptingObjects (0ms)
			CreateAndSetChildDomain (44ms)
		EndReloadAssembly (1017ms)
			LoadAssemblies (86ms)
			RebuildTransferFunctionScriptingTraits (0ms)
			SetupTypeCache (294ms)
			ReleaseScriptCaches (1ms)
			RebuildScriptCaches (37ms)
			SetupLoadedEditorAssemblies (545ms)
				LogAssemblyErrors (0ms)
				InitializePlatformSupportModulesInManaged (29ms)
				SetLoadedEditorAssemblies (0ms)
				RefreshPlugins (3ms)
				BeforeProcessingInitializeOnLoad (83ms)
				ProcessInitializeOnLoadAttributes (258ms)
				ProcessInitializeOnLoadMethodAttributes (164ms)
				AfterProcessingInitializeOnLoad (8ms)
				EditorAssembliesLoaded (0ms)
			ExecutionOrderSort2 (0ms)
			AwakeInstancesAfterBackupRestoration (6ms)
Platform modules already initialized, skipping
Refreshing native plugins compatible for Editor in 4.95 ms, found 3 plugins.
Preloading 0 native plugins for Editor in 0.00 ms.
Unloading 4792 Unused Serialized files (Serialized files now loaded: 0)
Unloading 31 unused Assets / (24.8 KB). Loaded Objects now: 5302.
Memory consumption went from 220.8 MB to 220.7 MB.
Total: 3.418200 ms (FindLiveObjects: 0.394400 ms CreateObjectMapping: 0.352200 ms MarkObjects: 2.643100 ms  DeleteObjects: 0.027600 ms)

AssetImportParameters requested are different than current active one (requested -> active):
  custom:video-decoder-ogg-theora: a1e56fd34408186e4bbccfd4996cb3dc -> 
  custom:container-muxer-webm: aa71ff27fc2769a1b78a27578f13a17b -> 
  custom:container-demuxer-webm: 4f35f7cbe854078d1ac9338744f61a02 -> 
  custom:video-encoder-webm-vp8: eb34c28f22e8b96e1ab97ce403110664 -> 
  custom:audio-encoder-webm-vorbis: bf7c407c2cedff20999df2af8eb42d56 -> 
  custom:framework-win-MediaFoundation: 216162199b28c13a410421893ffa2e32 -> 
  custom:container-demuxer-ogg: 62fdf1f143b41e24485cea50d1cbac27 -> 
  custom:video-decoder-webm-vp8: 9c59270c3fd7afecdb556c50c9e8de78 -> 
  custom:audio-decoder-ogg-vorbis: bf7c407c2cedff20999df2af8eb42d56 -> 
========================================================================
Received Import Request.
  Time since last request: 77.908668 seconds.
  path: Assets/Textures/1623463819_5-phonoteka_org-p-nalivnoi-beton-tekstura-krasivo-6.jpg
  artifactKey: Guid(9d77cb7fe5817ba42ab1987d0806d2d6) Importer(815301076,1909f56bfc062723c751e8b465ee728b)
Start importing Assets/Textures/1623463819_5-phonoteka_org-p-nalivnoi-beton-tekstura-krasivo-6.jpg using Guid(9d77cb7fe5817ba42ab1987d0806d2d6) Importer(815301076,1909f56bfc062723c751e8b465ee728b)  -> (artifact id: '97d9a0b311f4ccf28a827de073ce6ec6') in 0.053076 seconds 
========================================================================
Received Import Request.
  Time since last request: 9.239304 seconds.
  path: Assets/Scenes/Menu.unity
  artifactKey: Guid(d19d3d7bf3948c64492ffcf3c39655f6) Importer(815301076,1909f56bfc062723c751e8b465ee728b)
Start importing Assets/Scenes/Menu.unity using Guid(d19d3d7bf3948c64492ffcf3c39655f6) Importer(815301076,1909f56bfc062723c751e8b465ee728b)  -> (artifact id: '62c181d7ab0682f0796b7e6a74575554') in 0.006804 seconds 
========================================================================
Received Import Request.
  Time since last request: 769.625049 seconds.
  path: Assets/GUI Kit - BlueSky/PSD
  artifactKey: Guid(b1ba3f2d22aee4a99ada996d84804661) Importer(815301076,1909f56bfc062723c751e8b465ee728b)
Start importing Assets/GUI Kit - BlueSky/PSD using Guid(b1ba3f2d22aee4a99ada996d84804661) Importer(815301076,1909f56bfc062723c751e8b465ee728b)  -> (artifact id: '518e0f57cd632e005ae50e4a0bbe7cea') in 0.010614 seconds 
========================================================================
Received Import Request.
  Time since last request: 1.230803 seconds.
  path: Assets/GUI Kit - BlueSky/PSD/PSD.unitypackage
  artifactKey: Guid(a5cfe0e9b4b664cc6aa177b0afaab462) Importer(815301076,1909f56bfc062723c751e8b465ee728b)
Start importing Assets/GUI Kit - BlueSky/PSD/PSD.unitypackage using Guid(a5cfe0e9b4b664cc6aa177b0afaab462) Importer(815301076,1909f56bfc062723c751e8b465ee728b)  -> (artifact id: 'da357cf16f2c9a7acf3c5ddbe445b5c8') in 0.004498 seconds 
========================================================================
Received Import Request.
  Time since last request: 36.541857 seconds.
  path: Assets/Textures/P1_Ao.png
  artifactKey: Guid(2007b4c3f7d970845809509395cb4562) Importer(815301076,1909f56bfc062723c751e8b465ee728b)
Start importing Assets/Textures/P1_Ao.png using Guid(2007b4c3f7d970845809509395cb4562) Importer(815301076,1909f56bfc062723c751e8b465ee728b)  -> (artifact id: 'b2f0b0d3664c193f047deaf15c143ac2') in 0.011697 seconds 
========================================================================
Received Import Request.
  Time since last request: 0.431425 seconds.
  path: Assets/Textures/P3_Ao.png
  artifactKey: Guid(bce4a41b0048da944a62108d17de1292) Importer(815301076,1909f56bfc062723c751e8b465ee728b)
Start importing Assets/Textures/P3_Ao.png using Guid(bce4a41b0048da944a62108d17de1292) Importer(815301076,1909f56bfc062723c751e8b465ee728b)  -> (artifact id: '1bb9df57affc31dd61958315f32c01c7') in 0.010176 seconds 
========================================================================
Received Import Request.
  Time since last request: 1.952988 seconds.
  path: Assets/Sound/Sound_08584.mp3
  artifactKey: Guid(97358ae48f325414babff2f9142d6383) Importer(815301076,1909f56bfc062723c751e8b465ee728b)
Start importing Assets/Sound/Sound_08584.mp3 using Guid(97358ae48f325414babff2f9142d6383) Importer(815301076,1909f56bfc062723c751e8b465ee728b)  -> (artifact id: 'e68402d05bbde371ef7b852dab9d07cc') in 0.045906 seconds 
========================================================================
Received Import Request.
  Time since last request: 0.392711 seconds.
  path: Assets/Sound/Scripts
  artifactKey: Guid(a119371789b13a34e82d0e049e38c8af) Importer(815301076,1909f56bfc062723c751e8b465ee728b)
Start importing Assets/Sound/Scripts using Guid(a119371789b13a34e82d0e049e38c8af) Importer(815301076,1909f56bfc062723c751e8b465ee728b)  -> (artifact id: 'c4c0ebb6e33b535fbe972e291fd5d2ce') in 0.010655 seconds 
========================================================================
Received Import Request.
  Time since last request: 6.829002 seconds.
  path: Assets/UI/New Folder
  artifactKey: Guid(25510908bab32724f9bba24964f59dd5) Importer(815301076,1909f56bfc062723c751e8b465ee728b)
Start importing Assets/UI/New Folder using Guid(25510908bab32724f9bba24964f59dd5) Importer(815301076,1909f56bfc062723c751e8b465ee728b)  -> (artifact id: '51afe0fe811ddbb2d2e884b6705eaf7f') in 0.006797 seconds 
